<?xml version="1.0" encoding="UTF-8"?>
<!-- Generated by org.testng.reporters.JUnitXMLReporter -->
<testsuite ignored="0" hostname="DESKTOP-DEUNGC0" failures="0" tests="3" name="Test" time="50.988" errors="0" timestamp="2024-01-09T17:35:06 IST">
  <testcase classname="CreateAnAccount" name="verifyUserIsAbleToCreateAnAccountandShareTheWishList" time="10.005"/>
  <testcase classname="CreateAnAccount" name="verifyUserIsAbleToCreateAnAccountandShareTheWishList" time="9.546"/>
  <testcase classname="CreateAnAccount" name="verifyUserIsAbleToCreateAnAccountandShareTheWishList" time="9.55"/>
</testsuite> <!-- Test -->
