<?xml version="1.0" encoding="UTF-8"?>
<testng-results ignored="0" total="3" passed="3" failed="0" skipped="0">
  <reporter-output>
  </reporter-output>
  <suite started-at="2024-01-09T17:34:15 IST" name="Suite" finished-at="2024-01-09T17:35:06 IST" duration-ms="50988">
    <groups>
    </groups>
    <test started-at="2024-01-09T17:34:15 IST" name="Test" finished-at="2024-01-09T17:35:06 IST" duration-ms="50988">
      <class name="CreateAnAccount">
        <test-method is-config="true" signature="launchApplication()[pri:0, instance:CreateAnAccount@2a65fe7c]" started-at="2024-01-09T17:34:16 IST" name="launchApplication" finished-at="2024-01-09T17:34:24 IST" duration-ms="7784" status="PASS">
          <reporter-output>
          </reporter-output>
        </test-method> <!-- launchApplication -->
        <test-method signature="verifyUserIsAbleToCreateAnAccountandShareTheWishList(java.lang.String,java.lang.String,java.lang.String,java.lang.String,java.lang.String,java.lang.String)[pri:0, instance:CreateAnAccount@2a65fe7c]" started-at="2024-01-09T17:34:24 IST" name="verifyUserIsAbleToCreateAnAccountandShareTheWishList" data-provider="getTestData" finished-at="2024-01-09T17:34:34 IST" duration-ms="10005" status="PASS">
          <params>
            <param index="0">
              <value>
                <![CDATA[Narayan]]>
              </value>
            </param>
            <param index="1">
              <value>
                <![CDATA[Govind]]>
              </value>
            </param>
            <param index="2">
              <value>
                <![CDATA[Ghule]]>
              </value>
            </param>
            <param index="3">
              <value>
                <![CDATA[narayan@gmail.com]]>
              </value>
            </param>
            <param index="4">
              <value>
                <![CDATA[narayan@1995]]>
              </value>
            </param>
            <param index="5">
              <value>
                <![CDATA[narayan@1995]]>
              </value>
            </param>
          </params>
          <reporter-output>
          </reporter-output>
        </test-method> <!-- verifyUserIsAbleToCreateAnAccountandShareTheWishList -->
        <test-method is-config="true" signature="closeBrowser()[pri:0, instance:CreateAnAccount@2a65fe7c]" started-at="2024-01-09T17:34:34 IST" name="closeBrowser" finished-at="2024-01-09T17:34:34 IST" duration-ms="182" status="PASS">
          <reporter-output>
          </reporter-output>
        </test-method> <!-- closeBrowser -->
        <test-method is-config="true" signature="launchApplication()[pri:0, instance:CreateAnAccount@2a65fe7c]" started-at="2024-01-09T17:34:34 IST" name="launchApplication" finished-at="2024-01-09T17:34:40 IST" duration-ms="6150" status="PASS">
          <reporter-output>
          </reporter-output>
        </test-method> <!-- launchApplication -->
        <test-method signature="verifyUserIsAbleToCreateAnAccountandShareTheWishList(java.lang.String,java.lang.String,java.lang.String,java.lang.String,java.lang.String,java.lang.String)[pri:0, instance:CreateAnAccount@2a65fe7c]" started-at="2024-01-09T17:34:40 IST" name="verifyUserIsAbleToCreateAnAccountandShareTheWishList" data-provider="getTestData" finished-at="2024-01-09T17:34:50 IST" duration-ms="9546" status="PASS">
          <params>
            <param index="0">
              <value>
                <![CDATA[Nilam]]>
              </value>
            </param>
            <param index="1">
              <value>
                <![CDATA[Pandurang]]>
              </value>
            </param>
            <param index="2">
              <value>
                <![CDATA[Aswale]]>
              </value>
            </param>
            <param index="3">
              <value>
                <![CDATA[nilam@gmail.com]]>
              </value>
            </param>
            <param index="4">
              <value>
                <![CDATA[nilam@1995]]>
              </value>
            </param>
            <param index="5">
              <value>
                <![CDATA[nilam@1995]]>
              </value>
            </param>
          </params>
          <reporter-output>
          </reporter-output>
        </test-method> <!-- verifyUserIsAbleToCreateAnAccountandShareTheWishList -->
        <test-method is-config="true" signature="closeBrowser()[pri:0, instance:CreateAnAccount@2a65fe7c]" started-at="2024-01-09T17:34:50 IST" name="closeBrowser" finished-at="2024-01-09T17:34:50 IST" duration-ms="171" status="PASS">
          <reporter-output>
          </reporter-output>
        </test-method> <!-- closeBrowser -->
        <test-method is-config="true" signature="launchApplication()[pri:0, instance:CreateAnAccount@2a65fe7c]" started-at="2024-01-09T17:34:50 IST" name="launchApplication" finished-at="2024-01-09T17:34:56 IST" duration-ms="6362" status="PASS">
          <reporter-output>
          </reporter-output>
        </test-method> <!-- launchApplication -->
        <test-method signature="verifyUserIsAbleToCreateAnAccountandShareTheWishList(java.lang.String,java.lang.String,java.lang.String,java.lang.String,java.lang.String,java.lang.String)[pri:0, instance:CreateAnAccount@2a65fe7c]" started-at="2024-01-09T17:34:56 IST" name="verifyUserIsAbleToCreateAnAccountandShareTheWishList" data-provider="getTestData" finished-at="2024-01-09T17:35:06 IST" duration-ms="9550" status="PASS">
          <params>
            <param index="0">
              <value>
                <![CDATA[Amol]]>
              </value>
            </param>
            <param index="1">
              <value>
                <![CDATA[Eknath]]>
              </value>
            </param>
            <param index="2">
              <value>
                <![CDATA[Mandavkar]]>
              </value>
            </param>
            <param index="3">
              <value>
                <![CDATA[amol@gmail.com]]>
              </value>
            </param>
            <param index="4">
              <value>
                <![CDATA[amol@1995]]>
              </value>
            </param>
            <param index="5">
              <value>
                <![CDATA[amol@1995]]>
              </value>
            </param>
          </params>
          <reporter-output>
          </reporter-output>
        </test-method> <!-- verifyUserIsAbleToCreateAnAccountandShareTheWishList -->
        <test-method is-config="true" signature="closeBrowser()[pri:0, instance:CreateAnAccount@2a65fe7c]" started-at="2024-01-09T17:35:06 IST" name="closeBrowser" finished-at="2024-01-09T17:35:06 IST" duration-ms="184" status="PASS">
          <reporter-output>
          </reporter-output>
        </test-method> <!-- closeBrowser -->
      </class> <!-- CreateAnAccount -->
    </test> <!-- Test -->
  </suite> <!-- Suite -->
</testng-results>
